<?xml version="1.0" encoding="UTF-8"?>
<testng-results skipped="0" failed="0" ignored="0" total="1" passed="1">
  <reporter-output>
  </reporter-output>
  <suite name="Default suite" duration-ms="11847" started-at="2019-07-31T13:39:10Z" finished-at="2019-07-31T13:39:22Z">
    <groups>
    </groups>
    <test name="Default test" duration-ms="11847" started-at="2019-07-31T13:39:10Z" finished-at="2019-07-31T13:39:22Z">
      <class name="com.RB.testcases.HomePageTest">
        <test-method status="PASS" signature="setUp()[pri:0, instance:com.RB.testcases.HomePageTest@4b9e13df]" name="setUp" is-config="true" duration-ms="8382" started-at="2019-07-31T13:39:10Z" finished-at="2019-07-31T13:39:18Z">
          <reporter-output>
          </reporter-output>
        </test-method> <!-- setUp -->
        <test-method status="PASS" signature="signInTest()[pri:1, instance:com.RB.testcases.HomePageTest@4b9e13df]" name="signInTest" duration-ms="2728" started-at="2019-07-31T13:39:18Z" finished-at="2019-07-31T13:39:21Z">
          <reporter-output>
          </reporter-output>
        </test-method> <!-- signInTest -->
        <test-method status="PASS" signature="tearDown()[pri:0, instance:com.RB.testcases.HomePageTest@4b9e13df]" name="tearDown" is-config="true" duration-ms="712" started-at="2019-07-31T13:39:21Z" finished-at="2019-07-31T13:39:22Z">
          <reporter-output>
          </reporter-output>
        </test-method> <!-- tearDown -->
      </class> <!-- com.RB.testcases.HomePageTest -->
    </test> <!-- Default test -->
  </suite> <!-- Default suite -->
</testng-results>
